2015-09-10 13:05:59,975 [INFO] link: https://api.github.com/repositories?since=0, status:200
2015-09-10 13:06:00,420 [INFO] 100 repositories whose ids are between 1 and 367 are captured
2015-09-10 13:06:02,641 [INFO] link: https://api.github.com/repositories?since=367, status:200
2015-09-10 13:06:02,695 [INFO] 100 repositories whose ids are between 368 and 839 are captured
2015-09-10 13:06:04,547 [INFO] link: https://api.github.com/repositories?since=839, status:200
2015-09-10 13:06:04,604 [INFO] 100 repositories whose ids are between 852 and 1441 are captured
2015-09-10 13:06:06,531 [INFO] link: https://api.github.com/repositories?since=1441, status:200
2015-09-10 13:06:06,586 [INFO] 100 repositories whose ids are between 1444 and 1916 are captured
2015-09-10 13:06:08,717 [INFO] link: https://api.github.com/repositories?since=1916, status:200
2015-09-10 13:06:08,769 [INFO] 100 repositories whose ids are between 1922 and 2376 are captured
2015-09-10 13:06:10,862 [INFO] link: https://api.github.com/repositories?since=2376, status:200
2015-09-10 13:06:10,915 [INFO] 100 repositories whose ids are between 2377 and 2746 are captured
2015-09-10 13:06:12,828 [INFO] link: https://api.github.com/repositories?since=2746, status:200
2015-09-10 13:06:12,880 [INFO] 100 repositories whose ids are between 2747 and 3193 are captured
2015-09-10 13:06:14,696 [INFO] link: https://api.github.com/repositories?since=3193, status:200
2015-09-10 13:06:14,753 [INFO] 100 repositories whose ids are between 3197 and 3652 are captured
2015-09-10 13:06:16,833 [INFO] link: https://api.github.com/repositories?since=3652, status:200
2015-09-10 13:06:16,891 [INFO] 100 repositories whose ids are between 3653 and 4135 are captured
2015-09-10 13:06:18,957 [INFO] link: https://api.github.com/repositories?since=4135, status:200
2015-09-10 13:06:19,015 [INFO] 100 repositories whose ids are between 4139 and 4623 are captured
2015-09-10 13:06:20,847 [INFO] link: https://api.github.com/repositories?since=4623, status:200
2015-09-10 13:06:20,901 [INFO] 100 repositories whose ids are between 4635 and 5067 are captured
2015-09-10 13:06:22,895 [INFO] link: https://api.github.com/repositories?since=5067, status:200
2015-09-10 13:06:22,952 [INFO] 100 repositories whose ids are between 5073 and 5551 are captured
2015-09-10 13:06:24,795 [INFO] link: https://api.github.com/repositories?since=5551, status:200
2015-09-10 13:06:24,856 [INFO] 100 repositories whose ids are between 5572 and 6056 are captured
2015-09-10 13:06:26,712 [INFO] link: https://api.github.com/repositories?since=6056, status:200
2015-09-10 13:06:26,770 [INFO] 100 repositories whose ids are between 6057 and 6694 are captured
2015-09-10 13:06:28,664 [INFO] link: https://api.github.com/repositories?since=6694, status:200
2015-09-10 13:06:28,712 [INFO] 100 repositories whose ids are between 6699 and 7169 are captured
2015-09-10 13:06:30,461 [INFO] link: https://api.github.com/repositories?since=7169, status:200
2015-09-10 13:06:30,513 [INFO] 100 repositories whose ids are between 7171 and 7661 are captured
2015-09-10 13:06:32,313 [INFO] link: https://api.github.com/repositories?since=7661, status:200
2015-09-10 13:06:32,369 [INFO] 100 repositories whose ids are between 7663 and 8256 are captured
2015-09-10 13:06:34,205 [INFO] link: https://api.github.com/repositories?since=8256, status:200
2015-09-10 13:06:34,264 [INFO] 100 repositories whose ids are between 8257 and 8760 are captured
2015-09-10 13:06:35,894 [INFO] link: https://api.github.com/repositories?since=8760, status:200
2015-09-10 13:06:35,945 [INFO] 100 repositories whose ids are between 8778 and 9253 are captured
2015-09-10 13:06:37,775 [INFO] link: https://api.github.com/repositories?since=9253, status:200
2015-09-10 13:06:37,829 [INFO] 100 repositories whose ids are between 9255 and 9682 are captured
2015-09-10 13:06:39,519 [INFO] link: https://api.github.com/repositories?since=9682, status:200
2015-09-10 13:06:39,576 [INFO] 100 repositories whose ids are between 9692 and 10143 are captured
2015-09-10 13:06:41,447 [INFO] link: https://api.github.com/repositories?since=10143, status:200
2015-09-10 13:06:41,506 [INFO] 100 repositories whose ids are between 10151 and 10582 are captured
2015-09-10 13:06:43,333 [INFO] link: https://api.github.com/repositories?since=10582, status:200
2015-09-10 13:06:43,390 [INFO] 100 repositories whose ids are between 10585 and 11081 are captured
2015-09-10 13:06:45,242 [INFO] link: https://api.github.com/repositories?since=11081, status:200
2015-09-10 13:06:45,296 [INFO] 100 repositories whose ids are between 11091 and 11493 are captured
2015-09-10 13:06:46,988 [INFO] link: https://api.github.com/repositories?since=11493, status:200
2015-09-10 13:06:47,039 [INFO] 100 repositories whose ids are between 11496 and 11904 are captured
2015-09-10 13:06:48,700 [INFO] link: https://api.github.com/repositories?since=11904, status:200
2015-09-10 13:06:48,753 [INFO] 100 repositories whose ids are between 11919 and 12425 are captured
2015-09-10 13:06:50,409 [INFO] link: https://api.github.com/repositories?since=12425, status:200
2015-09-10 13:06:50,473 [INFO] 100 repositories whose ids are between 12426 and 12794 are captured
2015-09-10 13:06:52,169 [INFO] link: https://api.github.com/repositories?since=12794, status:200
2015-09-10 13:06:52,222 [INFO] 100 repositories whose ids are between 12802 and 13291 are captured
2015-09-10 13:06:53,890 [INFO] link: https://api.github.com/repositories?since=13291, status:200
2015-09-10 13:06:53,945 [INFO] 100 repositories whose ids are between 13293 and 13660 are captured
2015-09-10 13:06:55,621 [INFO] link: https://api.github.com/repositories?since=13660, status:200
2015-09-10 13:06:55,677 [INFO] 100 repositories whose ids are between 13663 and 14025 are captured
2015-09-10 13:06:57,308 [INFO] link: https://api.github.com/repositories?since=14025, status:200
2015-09-10 13:06:57,358 [INFO] 100 repositories whose ids are between 14031 and 14450 are captured
2015-09-10 13:06:59,280 [INFO] link: https://api.github.com/repositories?since=14450, status:200
2015-09-10 13:06:59,334 [INFO] 100 repositories whose ids are between 14456 and 14804 are captured
2015-09-10 13:07:01,222 [INFO] link: https://api.github.com/repositories?since=14804, status:200
2015-09-10 13:07:01,280 [INFO] 100 repositories whose ids are between 14805 and 15262 are captured
2015-09-10 13:07:03,237 [INFO] link: https://api.github.com/repositories?since=15262, status:200
2015-09-10 13:07:03,293 [INFO] 100 repositories whose ids are between 15279 and 15696 are captured
2015-09-10 13:07:05,197 [INFO] link: https://api.github.com/repositories?since=15696, status:200
2015-09-10 13:07:05,253 [INFO] 100 repositories whose ids are between 15707 and 16017 are captured
2015-09-10 13:07:07,131 [INFO] link: https://api.github.com/repositories?since=16017, status:200
2015-09-10 13:07:07,180 [INFO] 100 repositories whose ids are between 16018 and 16440 are captured
2015-09-10 13:07:08,968 [INFO] link: https://api.github.com/repositories?since=16440, status:200
2015-09-10 13:07:09,030 [INFO] 100 repositories whose ids are between 16444 and 16782 are captured
2015-09-10 13:07:10,850 [INFO] link: https://api.github.com/repositories?since=16782, status:200
2015-09-10 13:07:10,906 [INFO] 100 repositories whose ids are between 16786 and 17175 are captured
2015-09-10 13:07:12,789 [INFO] link: https://api.github.com/repositories?since=17175, status:200
2015-09-10 13:07:12,842 [INFO] 100 repositories whose ids are between 17181 and 17572 are captured
2015-09-10 13:07:14,684 [INFO] link: https://api.github.com/repositories?since=17572, status:200
2015-09-10 13:07:14,737 [INFO] 100 repositories whose ids are between 17578 and 17972 are captured
2015-09-10 13:07:16,529 [INFO] link: https://api.github.com/repositories?since=17972, status:200
2015-09-10 13:07:16,586 [INFO] 100 repositories whose ids are between 17975 and 18360 are captured
2015-09-10 13:07:18,750 [INFO] link: https://api.github.com/repositories?since=18360, status:200
2015-09-10 13:07:18,807 [INFO] 100 repositories whose ids are between 18363 and 18753 are captured
2015-09-10 13:07:20,676 [INFO] link: https://api.github.com/repositories?since=18753, status:200
2015-09-10 13:07:20,733 [INFO] 100 repositories whose ids are between 18759 and 19141 are captured
2015-09-10 13:07:22,640 [INFO] link: https://api.github.com/repositories?since=19141, status:200
2015-09-10 13:07:22,691 [INFO] 100 repositories whose ids are between 19152 and 19496 are captured
2015-09-10 13:07:24,675 [INFO] link: https://api.github.com/repositories?since=19496, status:200
2015-09-10 13:07:24,725 [INFO] 100 repositories whose ids are between 19499 and 19911 are captured
2015-09-10 13:07:26,538 [INFO] link: https://api.github.com/repositories?since=19911, status:200
2015-09-10 13:07:26,590 [INFO] 100 repositories whose ids are between 19924 and 20409 are captured
2015-09-10 13:07:28,305 [INFO] link: https://api.github.com/repositories?since=20409, status:200
2015-09-10 13:07:28,356 [INFO] 100 repositories whose ids are between 20414 and 20731 are captured
2015-09-10 13:07:30,059 [INFO] link: https://api.github.com/repositories?since=20731, status:200
2015-09-10 13:07:30,115 [INFO] 100 repositories whose ids are between 20734 and 21068 are captured
2015-09-10 13:07:31,942 [INFO] link: https://api.github.com/repositories?since=21068, status:200
2015-09-10 13:07:32,000 [INFO] 100 repositories whose ids are between 21070 and 21429 are captured
2015-09-10 13:07:33,828 [INFO] link: https://api.github.com/repositories?since=21429, status:200
2015-09-10 13:07:33,879 [INFO] 100 repositories whose ids are between 21431 and 21831 are captured
2015-09-10 13:07:35,518 [INFO] link: https://api.github.com/repositories?since=21831, status:200
2015-09-10 13:07:35,575 [INFO] 100 repositories whose ids are between 21833 and 22252 are captured
2015-09-10 13:07:37,237 [INFO] link: https://api.github.com/repositories?since=22252, status:200
2015-09-10 13:07:37,294 [INFO] 100 repositories whose ids are between 22255 and 22650 are captured
2015-09-10 13:07:39,146 [INFO] link: https://api.github.com/repositories?since=22650, status:200
2015-09-10 13:07:39,194 [INFO] 100 repositories whose ids are between 22655 and 23095 are captured
2015-09-10 13:07:41,036 [INFO] link: https://api.github.com/repositories?since=23095, status:200
2015-09-10 13:07:41,090 [INFO] 100 repositories whose ids are between 23098 and 23394 are captured
2015-09-10 13:07:42,745 [INFO] link: https://api.github.com/repositories?since=23394, status:200
2015-09-10 13:07:42,793 [INFO] 100 repositories whose ids are between 23395 and 23850 are captured
2015-09-10 13:07:43,854 [INFO] link: https://api.github.com/repositories?since=23850, status:403
2015-09-10 13:07:43,856 [INFO] >>>>REPOSITORIES<<<<oopps~~~ the rate limit for requests-60 times per hour-is approached.
Traceback (most recent call last):
  File "more_feature.py", line 131, in <module>
    main()
  File "more_feature.py", line 114, in main
    r1, r2, r3 = [repos_meths[i]() for i in [0, 1, 2]]
  File "more_feature.py", line 37, in watch_star_fork
    docs = self.to_be_extracted("watch_count", "html_url", 150)
  File "more_feature.py", line 25, in to_be_extracted
    docs.append([doc["_id"], doc["feature_link"]])
KeyError: 'feature_link'
